xrun: 21.03-s009: (c) Copyright 1995-2021 Cadence Design Systems, Inc.
TOOL:	xrun	21.03-s009: Started on Dec 06, 2023 at 16:48:14 CET
xrun
	+compile
	+sv
	-f /home/student/smaciejewski/VDIC_2023/.dvt/lab07.build
		-F lab07/tb/tb.f
			mult_pkg.sv
			DUT_bfm.sv
			../../common/vdic_dut_2023.svp
			top.sv
			+incdir+tb_classes
			+incdir+.
			+nowarn+DSEMEL
			+nowarnBADPRF
			-uvm
			-uvmhome /eda/cadence/2021-22/RHELx86/XCELIUM_21.03.009/tools/methodology/UVM/CDNS-1.2/sv
			+UVM_NO_RELNOTES
			+UVM_VERBOSITY=MEDIUM
			-linedebug
			-fsmdebug
			-uvmlinedebug

   User defined plus("+") options:
	+UVM_NO_RELNOTES
	+UVM_VERBOSITY=MEDIUM

Compiling UVM packages (uvm_pkg.sv cdns_uvm_pkg.sv) using uvmhome location /eda/cadence/2021-22/RHELx86/XCELIUM_21.03.009/tools/methodology/UVM/CDNS-1.2/sv
file: lab07/tb/mult_pkg.sv
	package worklib.mult_pkg:sv
		errors: 0, warnings: 0
file: lab07/tb/DUT_bfm.sv
	interface worklib.mult_bfm:sv
		errors: 0, warnings: 0
file: lab07/tb/../../common/vdic_dut_2023.svp
	module worklib.vdic_dut_2023:svp
		errors: 0, warnings: 0
file: lab07/tb/top.sv
	module worklib.top:sv
		errors: 0, warnings: 0
TOOL:	xrun	21.03-s009: Exiting on Dec 06, 2023 at 16:48:16 CET  (total: 00:00:02)
