TOOL:	xrun	21.03-s009: Started on Nov 08, 2023 at 17:54:15 CET
xrun
	-compile
	-l xrun_compile.log
	-F ../tb/tb.f
		-F ../tb/../../common/tinyalu/tinyalu.f
			single_cycle.sv
			three_cycle.sv
			tinyalu.sv
		tinyalu_pkg.sv
		tinyalu_bfm.sv
		tpgen.sv
		coverage.sv
		+define+DEBUG
		scoreboard.sv
		top.sv
	-v93
	+nowarnDSEM2009
	+nowarnDSEMEL
	+nowarnCGDEFN
	+nowarnCOVUTA
	+nowarnBADPRF
	+nowarnXCLGNOPTM
	+nowarnRNDXCELON
	+nowarnSAWSTP
	-xmlibdirname INCA_libs
	+overwrite
	-nocopyright
	-coverage all
	-covoverwrite
	-covfile xrun_covfile.txt
file: ../tb/../../common/tinyalu/single_cycle.sv
	module worklib.single_cycle:sv
		errors: 0, warnings: 0
file: ../tb/../../common/tinyalu/three_cycle.sv
	module worklib.three_cycle:sv
		errors: 0, warnings: 0
file: ../tb/../../common/tinyalu/tinyalu.sv
	module worklib.tinyalu:sv
		errors: 0, warnings: 0
file: ../tb/tinyalu_pkg.sv
	package worklib.tinyalu_pkg:sv
		errors: 0, warnings: 0
file: ../tb/tinyalu_bfm.sv
	interface worklib.tinyalu_bfm:sv
		errors: 0, warnings: 0
file: ../tb/tpgen.sv
	module worklib.tpgen:sv
		errors: 0, warnings: 0
file: ../tb/coverage.sv
	module worklib.coverage:sv
		errors: 0, warnings: 0
file: ../tb/scoreboard.sv
	module worklib.scoreboard:sv
		errors: 0, warnings: 0
file: ../tb/top.sv
	module worklib.top:sv
		errors: 0, warnings: 0
TOOL:	xrun	21.03-s009: Exiting on Nov 08, 2023 at 17:54:16 CET  (total: 00:00:01)
