TOOL:	xrun	21.03-s009: Started on Nov 15, 2023 at 17:43:08 CET
xrun
	-compile
	-l xrun_compile.log
	-F ../tb/tb.f
		mult_pkg.sv
		../../common/vdic_dut_2023.svp
		DUT_bfm.sv
		+incdir+tb_classes
		+incdir+.
		top.sv
	-v93
	+nowarnDSEM2009
	+nowarnDSEMEL
	+nowarnCGDEFN
	+nowarnCOVUTA
	+nowarnBADPRF
	+nowarnXCLGNOPTM
	+nowarnRNDXCELON
	+nowarnSAWSTP
	-xmlibdirname INCA_libs
	+overwrite
	-nocopyright
	-coverage all
	-covoverwrite
	-covfile xrun_covfile.txt
file: ../tb/mult_pkg.sv
	package worklib.mult_pkg:sv
		errors: 0, warnings: 0
file: ../tb/../../common/vdic_dut_2023.svp
	module worklib.vdic_dut_2023:svp
		errors: 0, warnings: 0
file: ../tb/DUT_bfm.sv
	interface worklib.mult_bfm:sv
		errors: 0, warnings: 0
file: ../tb/top.sv
	module worklib.top:sv
		errors: 0, warnings: 0
TOOL:	xrun	21.03-s009: Exiting on Nov 15, 2023 at 17:43:08 CET  (total: 00:00:00)
