TOOL:	xrun	21.03-s009: Started on Dec 13, 2023 at 20:51:17 CET
xrun
	-compile
	-l xrun_compile.log
	-F ../tb/tb.f
		tinyalu_pkg.sv
		tinyalu_tpgen_module.sv
		tinyalu_bfm.sv
		-F ../tb/../../common/tinyalu/tinyalu.f
			single_cycle.sv
			three_cycle.sv
			tinyalu.sv
		top.sv
		+incdir+tb_classes
		+incdir+.
		+nowarnDSEMEL
		+nowarnBADPRF
		-uvm
		-uvmhome /eda/cadence/2021-22/RHELx86/XCELIUM_21.03.009/tools/methodology/UVM/CDNS-1.2/sv
		+UVM_NO_RELNOTES
		+UVM_VERBOSITY=MEDIUM
		-linedebug
		-fsmdebug
		-uvmlinedebug
	-v93
	+nowarnDSEM2009
	+nowarnDSEMEL
	+nowarnCGDEFN
	+nowarnCOVUTA
	+nowarnBADPRF
	+nowarnXCLGNOPTM
	+nowarnRNDXCELON
	+nowarnSAWSTP
	-xmlibdirname INCA_libs
	+overwrite
	-nocopyright
	-coverage all
	-covoverwrite
	-covfile xrun_covfile.txt

   User defined plus("+") options:
	+UVM_NO_RELNOTES
	+UVM_VERBOSITY=MEDIUM

DEFINE basic $CDSHOME/tools/dfII/etc/cdslib/basic
|
xrun: *W,DLCVAR (/cad/dk/PDK_CRN45GS_DGO_11_25/RF/cds.lib,1): cds.lib Invalid environment variable ''.
DEFINE analogLib $CDSHOME/tools/dfII/etc/cdslib/artist/analogLib
|
xrun: *W,DLCVAR (/cad/dk/PDK_CRN45GS_DGO_11_25/RF/cds.lib,2): cds.lib Invalid environment variable ''.
DEFINE ahdlLib $CDSHOME/tools/dfII/samples/artist/ahdlLib
|
xrun: *W,DLCVAR (/cad/dk/PDK_CRN45GS_DGO_11_25/RF/cds.lib,3): cds.lib Invalid environment variable ''.
DEFINE bmslib $CDSHOME/tools/dfII/samples/artist/bmslib
|
xrun: *W,DLCVAR (/cad/dk/PDK_CRN45GS_DGO_11_25/RF/cds.lib,4): cds.lib Invalid environment variable ''.
DEFINE sample $CDSHOME/tools/dfII/samples/cdslib/sample
|
xrun: *W,DLCVAR (/cad/dk/PDK_CRN45GS_DGO_11_25/RF/cds.lib,5): cds.lib Invalid environment variable ''.
DEFINE connectLib $IUSHOME/tools/affirma_ams/etc/connect_lib/connectLib
|
xrun: *W,DLCVAR (/cad/dk/PDK_CRN45GS_DGO_11_25/RF/cds.lib,6): cds.lib Invalid environment variable ''.
DEFINE basic $CDSHOME/tools/dfII/etc/cdslib/basic
|
xrun: *W,DLCVAR (/cad/dk/PDK_CRN45GS_DGO_11_25/RF/cds.lib,1): cds.lib Invalid environment variable ''.
DEFINE analogLib $CDSHOME/tools/dfII/etc/cdslib/artist/analogLib
|
xrun: *W,DLCVAR (/cad/dk/PDK_CRN45GS_DGO_11_25/RF/cds.lib,2): cds.lib Invalid environment variable ''.
DEFINE ahdlLib $CDSHOME/tools/dfII/samples/artist/ahdlLib
|
xrun: *W,DLCVAR (/cad/dk/PDK_CRN45GS_DGO_11_25/RF/cds.lib,3): cds.lib Invalid environment variable ''.
DEFINE bmslib $CDSHOME/tools/dfII/samples/artist/bmslib
|
xrun: *W,DLCVAR (/cad/dk/PDK_CRN45GS_DGO_11_25/RF/cds.lib,4): cds.lib Invalid environment variable ''.
DEFINE sample $CDSHOME/tools/dfII/samples/cdslib/sample
|
xrun: *W,DLCVAR (/cad/dk/PDK_CRN45GS_DGO_11_25/RF/cds.lib,5): cds.lib Invalid environment variable ''.
DEFINE connectLib $IUSHOME/tools/affirma_ams/etc/connect_lib/connectLib
|
xrun: *W,DLCVAR (/cad/dk/PDK_CRN45GS_DGO_11_25/RF/cds.lib,6): cds.lib Invalid environment variable ''.
DEFINE basic $CDSHOME/tools/dfII/etc/cdslib/basic
|
xrun: *W,DLCVAR (/cad/dk/PDK_CRN45GS_DGO_11_25/RF/cds.lib,1): cds.lib Invalid environment variable ''.
DEFINE analogLib $CDSHOME/tools/dfII/etc/cdslib/artist/analogLib
|
xrun: *W,DLCVAR (/cad/dk/PDK_CRN45GS_DGO_11_25/RF/cds.lib,2): cds.lib Invalid environment variable ''.
DEFINE ahdlLib $CDSHOME/tools/dfII/samples/artist/ahdlLib
|
xrun: *W,DLCVAR (/cad/dk/PDK_CRN45GS_DGO_11_25/RF/cds.lib,3): cds.lib Invalid environment variable ''.
DEFINE bmslib $CDSHOME/tools/dfII/samples/artist/bmslib
|
xrun: *W,DLCVAR (/cad/dk/PDK_CRN45GS_DGO_11_25/RF/cds.lib,4): cds.lib Invalid environment variable ''.
DEFINE sample $CDSHOME/tools/dfII/samples/cdslib/sample
|
xrun: *W,DLCVAR (/cad/dk/PDK_CRN45GS_DGO_11_25/RF/cds.lib,5): cds.lib Invalid environment variable ''.
DEFINE connectLib $IUSHOME/tools/affirma_ams/etc/connect_lib/connectLib
|
xrun: *W,DLCVAR (/cad/dk/PDK_CRN45GS_DGO_11_25/RF/cds.lib,6): cds.lib Invalid environment variable ''.
DEFINE basic $CDSHOME/tools/dfII/etc/cdslib/basic
|
xrun: *W,DLCVAR (/cad/dk/PDK_CRN45GS_DGO_11_25/RF/cds.lib,1): cds.lib Invalid environment variable ''.
DEFINE analogLib $CDSHOME/tools/dfII/etc/cdslib/artist/analogLib
|
xrun: *W,DLCVAR (/cad/dk/PDK_CRN45GS_DGO_11_25/RF/cds.lib,2): cds.lib Invalid environment variable ''.
DEFINE ahdlLib $CDSHOME/tools/dfII/samples/artist/ahdlLib
|
xrun: *W,DLCVAR (/cad/dk/PDK_CRN45GS_DGO_11_25/RF/cds.lib,3): cds.lib Invalid environment variable ''.
DEFINE bmslib $CDSHOME/tools/dfII/samples/artist/bmslib
|
xrun: *W,DLCVAR (/cad/dk/PDK_CRN45GS_DGO_11_25/RF/cds.lib,4): cds.lib Invalid environment variable ''.
DEFINE sample $CDSHOME/tools/dfII/samples/cdslib/sample
|
xrun: *W,DLCVAR (/cad/dk/PDK_CRN45GS_DGO_11_25/RF/cds.lib,5): cds.lib Invalid environment variable ''.
DEFINE connectLib $IUSHOME/tools/affirma_ams/etc/connect_lib/connectLib
|
xrun: *W,DLCVAR (/cad/dk/PDK_CRN45GS_DGO_11_25/RF/cds.lib,6): cds.lib Invalid environment variable ''.
DEFINE basic $CDSHOME/tools/dfII/etc/cdslib/basic
|
xrun: *W,DLCVAR (/cad/dk/PDK_CRN45GS_DGO_11_25/RF/cds.lib,1): cds.lib Invalid environment variable ''.
DEFINE analogLib $CDSHOME/tools/dfII/etc/cdslib/artist/analogLib
|
xrun: *W,DLCVAR (/cad/dk/PDK_CRN45GS_DGO_11_25/RF/cds.lib,2): cds.lib Invalid environment variable ''.
DEFINE ahdlLib $CDSHOME/tools/dfII/samples/artist/ahdlLib
|
xrun: *W,DLCVAR (/cad/dk/PDK_CRN45GS_DGO_11_25/RF/cds.lib,3): cds.lib Invalid environment variable ''.
DEFINE bmslib $CDSHOME/tools/dfII/samples/artist/bmslib
|
xrun: *W,DLCVAR (/cad/dk/PDK_CRN45GS_DGO_11_25/RF/cds.lib,4): cds.lib Invalid environment variable ''.
DEFINE sample $CDSHOME/tools/dfII/samples/cdslib/sample
|
xrun: *W,DLCVAR (/cad/dk/PDK_CRN45GS_DGO_11_25/RF/cds.lib,5): cds.lib Invalid environment variable ''.
DEFINE connectLib $IUSHOME/tools/affirma_ams/etc/connect_lib/connectLib
|
xrun: *W,DLCVAR (/cad/dk/PDK_CRN45GS_DGO_11_25/RF/cds.lib,6): cds.lib Invalid environment variable ''.
Compiling UVM packages (uvm_pkg.sv cdns_uvm_pkg.sv) using uvmhome location /eda/cadence/2021-22/RHELx86/XCELIUM_21.03.009/tools/methodology/UVM/CDNS-1.2/sv
DEFINE basic $CDSHOME/tools/dfII/etc/cdslib/basic
|
xmvlog: *W,DLCVAR (/cad/dk/PDK_CRN45GS_DGO_11_25/RF/cds.lib,1): cds.lib Invalid environment variable ''.
DEFINE analogLib $CDSHOME/tools/dfII/etc/cdslib/artist/analogLib
|
xmvlog: *W,DLCVAR (/cad/dk/PDK_CRN45GS_DGO_11_25/RF/cds.lib,2): cds.lib Invalid environment variable ''.
DEFINE ahdlLib $CDSHOME/tools/dfII/samples/artist/ahdlLib
|
xmvlog: *W,DLCVAR (/cad/dk/PDK_CRN45GS_DGO_11_25/RF/cds.lib,3): cds.lib Invalid environment variable ''.
DEFINE bmslib $CDSHOME/tools/dfII/samples/artist/bmslib
|
xmvlog: *W,DLCVAR (/cad/dk/PDK_CRN45GS_DGO_11_25/RF/cds.lib,4): cds.lib Invalid environment variable ''.
DEFINE sample $CDSHOME/tools/dfII/samples/cdslib/sample
|
xmvlog: *W,DLCVAR (/cad/dk/PDK_CRN45GS_DGO_11_25/RF/cds.lib,5): cds.lib Invalid environment variable ''.
DEFINE connectLib $IUSHOME/tools/affirma_ams/etc/connect_lib/connectLib
|
xmvlog: *W,DLCVAR (/cad/dk/PDK_CRN45GS_DGO_11_25/RF/cds.lib,6): cds.lib Invalid environment variable ''.
DEFINE basic $CDSHOME/tools/dfII/etc/cdslib/basic
|
xmvlog: *W,DLCVAR (/cad/dk/PDK_CRN45GS_DGO_11_25/RF/cds.lib,1): cds.lib Invalid environment variable ''.
DEFINE analogLib $CDSHOME/tools/dfII/etc/cdslib/artist/analogLib
|
xmvlog: *W,DLCVAR (/cad/dk/PDK_CRN45GS_DGO_11_25/RF/cds.lib,2): cds.lib Invalid environment variable ''.
DEFINE ahdlLib $CDSHOME/tools/dfII/samples/artist/ahdlLib
|
xmvlog: *W,DLCVAR (/cad/dk/PDK_CRN45GS_DGO_11_25/RF/cds.lib,3): cds.lib Invalid environment variable ''.
DEFINE bmslib $CDSHOME/tools/dfII/samples/artist/bmslib
|
xmvlog: *W,DLCVAR (/cad/dk/PDK_CRN45GS_DGO_11_25/RF/cds.lib,4): cds.lib Invalid environment variable ''.
DEFINE sample $CDSHOME/tools/dfII/samples/cdslib/sample
|
xmvlog: *W,DLCVAR (/cad/dk/PDK_CRN45GS_DGO_11_25/RF/cds.lib,5): cds.lib Invalid environment variable ''.
DEFINE connectLib $IUSHOME/tools/affirma_ams/etc/connect_lib/connectLib
|
xmvlog: *W,DLCVAR (/cad/dk/PDK_CRN45GS_DGO_11_25/RF/cds.lib,6): cds.lib Invalid environment variable ''.
file: ../tb/tinyalu_pkg.sv
	package worklib.tinyalu_pkg:sv
		errors: 0, warnings: 0
file: ../tb/tinyalu_tpgen_module.sv
	module worklib.tinyalu_tpgen_module:sv
		errors: 0, warnings: 0
file: ../tb/tinyalu_bfm.sv
	interface worklib.tinyalu_bfm:sv
		errors: 0, warnings: 0
file: ../tb/../../common/tinyalu/single_cycle.sv
	module worklib.single_cycle:sv
		errors: 0, warnings: 0
file: ../tb/../../common/tinyalu/three_cycle.sv
	module worklib.three_cycle:sv
		errors: 0, warnings: 0
file: ../tb/../../common/tinyalu/tinyalu.sv
	module worklib.tinyalu:sv
		errors: 0, warnings: 0
file: ../tb/top.sv
	module worklib.top:sv
		errors: 0, warnings: 0
	Total errors/warnings found outside modules and primitives:
		errors: 0, warnings: 6
DEFINE basic $CDSHOME/tools/dfII/etc/cdslib/basic
|
xrun: *W,DLCVAR (/cad/dk/PDK_CRN45GS_DGO_11_25/RF/cds.lib,1): cds.lib Invalid environment variable ''.
DEFINE analogLib $CDSHOME/tools/dfII/etc/cdslib/artist/analogLib
|
xrun: *W,DLCVAR (/cad/dk/PDK_CRN45GS_DGO_11_25/RF/cds.lib,2): cds.lib Invalid environment variable ''.
DEFINE ahdlLib $CDSHOME/tools/dfII/samples/artist/ahdlLib
|
xrun: *W,DLCVAR (/cad/dk/PDK_CRN45GS_DGO_11_25/RF/cds.lib,3): cds.lib Invalid environment variable ''.
DEFINE bmslib $CDSHOME/tools/dfII/samples/artist/bmslib
|
xrun: *W,DLCVAR (/cad/dk/PDK_CRN45GS_DGO_11_25/RF/cds.lib,4): cds.lib Invalid environment variable ''.
DEFINE sample $CDSHOME/tools/dfII/samples/cdslib/sample
|
xrun: *W,DLCVAR (/cad/dk/PDK_CRN45GS_DGO_11_25/RF/cds.lib,5): cds.lib Invalid environment variable ''.
DEFINE connectLib $IUSHOME/tools/affirma_ams/etc/connect_lib/connectLib
|
xrun: *W,DLCVAR (/cad/dk/PDK_CRN45GS_DGO_11_25/RF/cds.lib,6): cds.lib Invalid environment variable ''.
DEFINE basic $CDSHOME/tools/dfII/etc/cdslib/basic
|
xrun: *W,DLCVAR (/cad/dk/PDK_CRN45GS_DGO_11_25/RF/cds.lib,1): cds.lib Invalid environment variable ''.
DEFINE analogLib $CDSHOME/tools/dfII/etc/cdslib/artist/analogLib
|
xrun: *W,DLCVAR (/cad/dk/PDK_CRN45GS_DGO_11_25/RF/cds.lib,2): cds.lib Invalid environment variable ''.
DEFINE ahdlLib $CDSHOME/tools/dfII/samples/artist/ahdlLib
|
xrun: *W,DLCVAR (/cad/dk/PDK_CRN45GS_DGO_11_25/RF/cds.lib,3): cds.lib Invalid environment variable ''.
DEFINE bmslib $CDSHOME/tools/dfII/samples/artist/bmslib
|
xrun: *W,DLCVAR (/cad/dk/PDK_CRN45GS_DGO_11_25/RF/cds.lib,4): cds.lib Invalid environment variable ''.
DEFINE sample $CDSHOME/tools/dfII/samples/cdslib/sample
|
xrun: *W,DLCVAR (/cad/dk/PDK_CRN45GS_DGO_11_25/RF/cds.lib,5): cds.lib Invalid environment variable ''.
DEFINE connectLib $IUSHOME/tools/affirma_ams/etc/connect_lib/connectLib
|
xrun: *W,DLCVAR (/cad/dk/PDK_CRN45GS_DGO_11_25/RF/cds.lib,6): cds.lib Invalid environment variable ''.
TOOL:	xrun	21.03-s009: Exiting on Dec 13, 2023 at 20:51:18 CET  (total: 00:00:01)
