TOOL:	xrun	21.03-s009: Started on Oct 18, 2023 at 13:57:41 CEST
xrun
	-elaborate
	-l xrun_elaborate.log
	-F ../tb/tb.f
		../../common/vdic_dut_2023.svp
		+define+DEBUG
		test.sv
	-v93
	+nowarnDSEM2009
	+nowarnDSEMEL
	+nowarnCGDEFN
	+nowarnCOVUTA
	+nowarnBADPRF
	+nowarnXCLGNOPTM
	+nowarnRNDXCELON
	+nowarnSAWSTP
	-xmlibdirname INCA_libs
	+overwrite
	-nocopyright
	-coverage all
	-covoverwrite
	-covfile xrun_covfile.txt
		Caching library 'worklib' ....... Done
	Elaborating the design hierarchy:
	Top level design units:
		top

	Extracting FSMs for coverage:
		worklib.top
	Total FSMs extracted = 0
	Building instance overlay tables: .................... Done
	Enabling instrumentation for coverage types: block expression FSM toggle functional
	Generating native compiled code:
		worklib.vdic_dut_2023:svp <0x74b97bc2>
			streams:  25, words: 13928
		worklib.top:sv <0x00fc12f9>
			streams:  21, words: 36396
	Building instance specific data structures.
	Performing constant object marking (COM) analysis.
	Loading native compiled code:     .................... Done
	Design hierarchy summary:
		                 Instances  Unique
		Modules:                 2       2
		Registers:              51      51
		Scalar wires:           13       -
		Vectored wires:         10       -
		Always blocks:           1       1
		Initial blocks:          3       3
		Final blocks:            1       1
		Cont. assignments:       8      11
		Pseudo assignments:      6       6
		Simulation timescale:  1ps
	Writing initial simulation snapshot: worklib.top:sv
TOOL:	xrun	21.03-s009: Exiting on Oct 18, 2023 at 13:57:41 CEST  (total: 00:00:00)
