TOOL:	xrun	21.03-s009: Started on Oct 18, 2023 at 13:57:04 CEST
xrun
	-F ../tb/tb.f
		../../common/vdic_dut_2023.svp
		+define+DEBUG
		test.sv
	-v93
	+nowarnDSEM2009
	+nowarnDSEMEL
	+nowarnCGDEFN
	+nowarnCOVUTA
	+nowarnBADPRF
	+nowarnXCLGNOPTM
	+nowarnRNDXCELON
	+nowarnSAWSTP
	-xmlibdirname INCA_libs_gui
	+access+r
	+gui
	+overwrite
	-nocopyright
	-coverage all
	-covoverwrite
	-covfile xrun_covfile.txt
	+UVM_TESTNAME=lab01_example
	-l xrun_gui.log
Compiling UVM packages (uvm_pkg.sv cdns_uvm_pkg.sv) using uvmhome location /eda/cadence/2021-22/RHELx86/XCELIUM_21.03.009/tools/methodology/UVM/CDNS-1.1d
		Caching library 'worklib' ....... Done
	Elaborating the design hierarchy:
	Top level design units:
		top

	Extracting FSMs for coverage:
		worklib.top
	Total FSMs extracted = 0
	Building instance overlay tables: .................... Done
	Enabling instrumentation for coverage types: block expression FSM toggle functional
	Building instance specific data structures.
	Performing constant object marking (COM) analysis.
	Loading native compiled code:     .................... Done
	Design hierarchy summary:
		                 Instances  Unique
		Modules:                 2       2
		Registers:              51      51
		Scalar wires:           13       -
		Vectored wires:         10       -
		Always blocks:           1       1
		Initial blocks:          3       3
		Final blocks:            1       1
		Cont. assignments:       8      11
		Pseudo assignments:      6       6
		Simulation timescale:  1ps
	Writing initial simulation snapshot: worklib.top:sv

-------------------------------------
Relinquished control to SimVision...
xcelium> 
xcelium> source /eda/cadence/2021-22/RHELx86/XCELIUM_21.03.009/tools/xcelium/files/xmsimrc
xcelium> source /eda/cadence/2021-22/RHELx86/XCELIUM_21.03.009/tools/methodology/UVM/CDNS-1.1d/additions/sv/files/tcl/uvm_sim.tcl
xcelium> ^C
xcelium> exit
[1;30m[102m-----------------------------------
----------- Test PASSED -----------
-----------------------------------[0m

See ./cov_work/scope/test/icc.com file for message(s) on coverage constant object marking

coverage setup:
  workdir  :  ./cov_work
  dutinst  :  top(top)
  scope    :  scope
  testname :  test

coverage files:
  model(design data) :  ./cov_work/scope/icc_6f8d2752_00000000.ucm
  data               :  ./cov_work/scope/test/icc_6f8d2752_00000000.ucd
TOOL:	xrun	21.03-s009: Exiting on Oct 18, 2023 at 13:57:37 CEST  (total: 00:00:33)
