Operating system: Linux
                  0.0.0 Linux 3.10.0-1160.90.1.el7.x86_64 #1 SMP Thu May 4 15:21:22 UTC 2023 x86_64
CPU: x86
     GenuineIntel family 6 model 60 stepping 3
     1 CPU

GPU: UNKNOWN

Crash reason:  DUMP_REQUESTED
Crash address: 0xf734237d
Process uptime: not available

Thread 0 (crashed)
 0  libcbreakpad.so + 0x2e37d
    eip = 0xf734237d   esp = 0x0083849e   ebp = 0xf6fd4688   ebx = 0xf7375000
    esi = 0xf6fd4738   edi = 0xf6fd46b8   eax = 0x00000000   ecx = 0x00000001
    edx = 0x00000000   efl = 0xf731cc20
    Found by: given as instruction pointer in context
 1  libcbreakpad.so + 0x2c665
    eip = 0xf7340665   esp = 0xf6fd4690   ebp = 0xf6fd47e8
    Found by: previous frame's frame pointer
 2  xmsim + 0x13489d0
    eip = 0x093909d0   esp = 0xf6fd47f0   ebp = 0xf6fd4ac8
    Found by: previous frame's frame pointer
 3  xmsim + 0x632c93
    eip = 0x0867ac93   esp = 0xf6fd4ad0   ebp = 0xf6fd4af8
    Found by: previous frame's frame pointer
 4  linux-gate.so + 0x410
    eip = 0xf77c4410   esp = 0xf6fd4b00   ebp = 0x0cb299a8
    Found by: previous frame's frame pointer

Loaded modules:
0x08048000 - 0x0aaaafff  xmsim  ???  (main)  (WARNING: No symbols, xmsim, FB77C94B2A354310E8927E1F68C53F1B0)
0x0aaac000 - 0x0ac1ffff  xmsim  ???
0xf64f7000 - 0xf650cfff  libz_sh.so  ???
0xf650d000 - 0xf650ffff  libz_sh.so  ???
0xf6510000 - 0xf6a9afff  libucis.so  ???
0xf6a9b000 - 0xf6ad6fff  libucis.so  ???
0xf6ae6000 - 0xf6ae9fff  libxdt.so  ???
0xf6aea000 - 0xf6aecfff  libxdt.so  ???
0xf6b71000 - 0xf6b91fff  libml_uvm.so  ???
0xf701e000 - 0xf71f9fff  libStrapNC.so  ???
0xf7204000 - 0xf728dfff  libdcapi.so  ???
0xf728e000 - 0xf7297fff  libdcapi.so  ???
0xf7299000 - 0xf72b1fff  libnsl-2.17.so  ???
0xf72b4000 - 0xf72bffff  libnss_nis-2.17.so  ???
0xf72c0000 - 0xf72ccfff  libnss_files-2.17.so  ???
0xf7314000 - 0xf7376fff  libcbreakpad.so  ???  (WARNING: No symbols, libcbreakpad.so, 3612D8A3E98D657A4EC482474ABD6E880)
0xf7381000 - 0xf7544fff  libc-2.17.so  ???
0xf7545000 - 0xf7548fff  libc-2.17.so  ???
0xf754c000 - 0xf7568fff  libgcc_s.so.1  ???
0xf7569000 - 0xf773dfff  libstdc++.so.6.0.28  ???
0xf7741000 - 0xf7782fff  libm-2.17.so  ???
0xf7783000 - 0xf7787fff  libdl-2.17.so  ???
0xf7788000 - 0xf77a0fff  libpthread-2.17.so  ???
0xf77ab000 - 0xf77b5fff  libuvmpli.so  ???
0xf77b6000 - 0xf77bffff  libunicovdirmgr.so  ???
0xf77c4000 - 0xf77c4fff  linux-gate.so  ???  (WARNING: No symbols, linux-gate.so, 88EC59E9569CB136F1EB8780EDF6D55A0)
0xf77c5000 - 0xf77e8fff  ld-2.17.so  ???

******BACKTRACE*****
vserror [0x93909d0]
serror [0x9391e6a]
sv_seghandler_aux [0x867a6af]
sv_seghandler [0x867ac93]
sss_load_trg_data [0x8701f6b]
sss_trdrv_type [0x86f7be0]
ssl_net_type [0x8807ad2]
cov_tog_isvalid_net [0x8e460ba]
cov_tog_dump_vlog_helper [0x8e5178d]
cov_tog_dump [0x8e53795]
cov_data_create_instance.part.0 [0x8e95130]
sslu_traverse_scopes [0x889c659]
traverseAllDut [0x8e6fe45]
cov_data_dump [0x8e96ef0]
cover_dump [0x829d2fd]
nc_prepare_to_exit [0x81f5cd2]
nc_fini [0x81f62e9]
nc_fini2 [0x81f6657]
scibeginswith [0x937c280]
ulmSuspend [0x8f29ae7]
simcmd_run_aux [0x820fa75]
simcmd_run [0x8211cd2]
run_command [0x82127da]
cmd_wrapper [0x85b523a]
TclInvokeStringCommand [0x8cc42cc]
Dispatch [0x8cc3d65]
TclNRRunCallbacks [0x8cc97bb]
Tcl_EvalObjv [0x8cc983d]
TclEvalEx [0x8ccba9b]
Tcl_EvalEx [0x8ccc19e]
TclNREvalObjEx [0x8ccc294]
TclEvalObjEx [0x8ccc584]
Tcl_EvalObjEx [0x8ccc5c4]
Tcl_RecordAndEvalObj [0x8d6c95e]
Tcl_RecordAndEval [0x8d6cb34]
cmd_tcl_run [0x85b918c]
xncmain [0x81f5259]
ncmain [0x81f4105]
main [0x9c8d0c6]
_start [0x8169d0d]
******BACKTRACE END*****