TOOL:	xrun	21.03-s009: Started on Oct 26, 2023 at 08:09:41 CEST
xrun
	-compile
	-l xrun_compile.log
	-F ../tb/tb.f
		../../common/vdic_dut_2023.svp
		+define+DEBUG
		test.sv
	-v93
	+nowarnDSEM2009
	+nowarnDSEMEL
	+nowarnCGDEFN
	+nowarnCOVUTA
	+nowarnBADPRF
	+nowarnXCLGNOPTM
	+nowarnRNDXCELON
	+nowarnSAWSTP
	-xmlibdirname INCA_libs
	+overwrite
	-nocopyright
	-coverage all
	-covoverwrite
	-covfile xrun_covfile.txt
file: ../tb/../../common/vdic_dut_2023.svp
	module worklib.vdic_dut_2023:svp
		errors: 0, warnings: 0
file: ../tb/test.sv
	module worklib.top:sv
		errors: 0, warnings: 0
TOOL:	xrun	21.03-s009: Exiting on Oct 26, 2023 at 08:09:42 CEST  (total: 00:00:01)
