TOOL:	xrun	21.03-s009: Started on Nov 08, 2023 at 20:55:20 CET
xrun
	-elaborate
	-l xrun_elaborate.log
	-F ../tb/tb.f
		../../common/vdic_dut_2023.svp
		+define+DEBUG
		test.sv
	-v93
	+nowarnDSEM2009
	+nowarnDSEMEL
	+nowarnCGDEFN
	+nowarnCOVUTA
	+nowarnBADPRF
	+nowarnXCLGNOPTM
	+nowarnRNDXCELON
	+nowarnSAWSTP
	-xmlibdirname INCA_libs
	+overwrite
	-nocopyright
	-coverage all
	-covoverwrite
	-covfile xrun_covfile.txt
		Caching library 'worklib' ....... Done
	Elaborating the design hierarchy:
	Top level design units:
		top

	Extracting FSMs for coverage:
		worklib.top
	Total FSMs extracted = 0
	Building instance overlay tables: .................... Done
	Enabling instrumentation for coverage types: block expression FSM toggle functional
	Generating native compiled code:
		worklib.vdic_dut_2023:svp <0x74b97bc2>
			streams:  25, words: 13928
		worklib.top:sv <0x122de9ed>
			streams:  27, words: 53686
	Building instance specific data structures.
	Performing constant object marking (COM) analysis.
	Loading native compiled code:     .................... Done
	Design hierarchy summary:
		                 Instances  Unique
		Modules:                 2       2
		Registers:              61      61
		Scalar wires:           13       -
		Vectored wires:          9       -
		Always blocks:           3       3
		Initial blocks:          4       4
		Final blocks:            1       1
		Cont. assignments:       8      10
		Pseudo assignments:      6       6
		Assertions:              3       3
		Covergroup Instances:    0       1
		Simulation timescale:  1ps
	Writing initial simulation snapshot: worklib.top:sv
TOOL:	xrun	21.03-s009: Exiting on Nov 08, 2023 at 20:55:21 CET  (total: 00:00:01)
