TOOL:	xrun	21.03-s009: Started on Nov 15, 2023 at 15:30:34 CET
xrun
	-elaborate
	-l xrun_elaborate.log
	-F ../tb/tb.f
		lab04_part1.sv
	-v93
	+nowarnDSEM2009
	+nowarnDSEMEL
	+nowarnCGDEFN
	+nowarnCOVUTA
	+nowarnBADPRF
	+nowarnXCLGNOPTM
	+nowarnRNDXCELON
	+nowarnSAWSTP
	-xmlibdirname INCA_libs
	+overwrite
	-nocopyright
	-coverage all
	-covoverwrite
	-covfile xrun_covfile.txt
		Caching library 'worklib' ....... Done
	Elaborating the design hierarchy:
	Top level design units:
		$unit_0x222e60d2
		top

	Extracting FSMs for coverage:
		worklib.top
	Total FSMs extracted = 0
	Building instance overlay tables: .................... Done
	Enabling instrumentation for coverage types: block expression FSM toggle functional
	Generating native compiled code:
		worklib.top:sv <0x27680c2c>
			streams:  37, words: 24396
		worklib.\$unit_0x222e60d2 :compilation_unit <0x58cd70b1>
			streams:   8, words:  5355
		worklib.\$unit_0x222e60d2 :compilation_unit <0x29c9fc1d>
			streams:   6, words:  4255
		worklib.\$unit_0x222e60d2 :compilation_unit <0x0b5ac7ef>
			streams:   6, words:  5755
		worklib.\$unit_0x222e60d2 :compilation_unit <0x0fc8ab21>
			streams:   6, words:  4829
		worklib.\$unit_0x222e60d2 :compilation_unit <0x711ebfb7>
			streams:   6, words:  2531
		worklib.\$unit_0x222e60d2 :compilation_unit <0x5b16ecb5>
			streams:   9, words:  4258
		worklib.\$unit_0x222e60d2 :compilation_unit <0x7e896a6c>
			streams:   0, words:     0
	Building instance specific data structures.
	Performing constant object marking (COM) analysis.
	Loading native compiled code:     .................... Done
	Design hierarchy summary:
		                     Instances  Unique
		Modules:                     1       1
		Registers:                 117     100
		Initial blocks:              1       1
		Compilation units:           1       1
		SV Class declarations:       7       7
		SV Class specializations:   10      10
	Writing initial simulation snapshot: worklib.top:sv
TOOL:	xrun	21.03-s009: Exiting on Nov 15, 2023 at 15:30:34 CET  (total: 00:00:00)
