TOOL:	xrun	21.03-s009: Started on Nov 15, 2023 at 15:30:33 CET
xrun
	-compile
	-l xrun_compile.log
	-F ../tb/tb.f
		lab04_part1.sv
	-v93
	+nowarnDSEM2009
	+nowarnDSEMEL
	+nowarnCGDEFN
	+nowarnCOVUTA
	+nowarnBADPRF
	+nowarnXCLGNOPTM
	+nowarnRNDXCELON
	+nowarnSAWSTP
	-xmlibdirname INCA_libs
	+overwrite
	-nocopyright
	-coverage all
	-covoverwrite
	-covfile xrun_covfile.txt
file: ../tb/lab04_part1.sv
	module worklib.top:sv
		errors: 0, warnings: 0
TOOL:	xrun	21.03-s009: Exiting on Nov 15, 2023 at 15:30:34 CET  (total: 00:00:01)
